mpatrol 1.5.1 (16 December 2008)
Copyright (C) 1997-2008 Graeme S. Roy

This is free software, and you are welcome to redistribute it under certain
conditions; see the GNU Lesser General Public License for details.

For the latest mpatrol release and documentation,
visit http://sourceforge.net/projects/mpatrol.

operating system:       Microsoft Windows NT/2000/XP/Vista
system variant:         N/A
processor architecture: Intel 80x86
processor word size:    32-bit
object file format:     BFD
dynamic linker type:    Windows

Log file generated on Tue Feb 10 17:23:08 2015

read 2033 symbols from C:\Windows\SysWOW64\ntdll.dll
read 1364 symbols from C:\Windows\syswow64\kernel32.dll
read 633 symbols from C:\Windows\syswow64\KERNELBASE.dll
read 183 symbols from c:\windows\system32\dgapi.dll
read 27 symbols from C:\Windows\syswow64\PSAPI.DLL
read 500 symbols from C:\Windows\syswow64\WS2_32.dll
read 1396 symbols from C:\Windows\syswow64\msvcrt.dll
read 540 symbols from C:\Windows\syswow64\RPCRT4.dll
read 97 symbols from C:\Windows\syswow64\SspiCli.dll
read 11 symbols from C:\Windows\syswow64\CRYPTBASE.dll
read 60 symbols from C:\Windows\SysWOW64\sechost.dll
read 26 symbols from C:\Windows\syswow64\NSI.dll
read 74 symbols from C:\Windows\system32\MPR.dll
read 15 symbols from C:\Windows\system32\VERSION.dll
read 1003 symbols from C:\Windows\syswow64\USER32.dll
read 727 symbols from C:\Windows\syswow64\GDI32.dll
read 11 symbols from C:\Windows\syswow64\LPK.dll
read 44 symbols from C:\Windows\syswow64\USP10.dll
read 806 symbols from C:\Windows\syswow64\ADVAPI32.dll
read 902 symbols from C:\Windows\syswow64\SHELL32.dll
read 920 symbols from C:\Windows\syswow64\SHLWAPI.dll
read 394 symbols from C:\Windows\syswow64\ole32.dll
read 499 symbols from C:\Windows\syswow64\OLEAUT32.dll
read 106 symbols from C:\Windows\system32\USERENV.dll
read 0 symbols from C:\Windows\system32\profapi.dll
read 303 symbols from C:\Windows\syswow64\WININET.dll
read 5 symbols from C:\Windows\syswow64\Normaliz.dll
read 681 symbols from C:\Windows\syswow64\iertutil.dll
read 396 symbols from C:\Windows\syswow64\urlmon.dll
read 131 symbols from C:\Windows\syswow64\IMAGEHLP.DLL
read 767 symbols from c:\tmpuser\tools\work\_git\atomboxer_windows\bin\QtScriptTools.dll
read 4596 symbols from c:\tmpuser\tools\work\_git\qt_48_win32\bin\QtCored4.dll
read 121 symbols from c:\tmpuser\tools\mingw64\bin\libgcc_s_dw2-1.dll
read 3993 symbols from c:\tmpuser\tools\mingw64\bin\libstdc++-6.dll
read 478 symbols from c:\tmpuser\tools\work\_git\qt_48_win32\bin\QtScriptd4.dll
read 193 symbols from C:\Windows\system32\WINMM.DLL
read 4676 symbols from c:\tmpuser\tools\work\_git\qt_48_win32\lib\LIBEAY32.dll
read 1306 symbols from c:\tmpuser\tools\work\_git\qt_48_win32\bin\QtNetworkd4.dll
read 362 symbols from c:\tmpuser\tools\work\_git\qt_48_win32\lib\SSLEAY32.dll
read 470 symbols from c:\tmpuser\tools\work\_git\qt_48_win32\bin\QtSqld4.dll
read 134 symbols from C:\Windows\system32\IMM32.DLL
read 71 symbols from C:\Windows\syswow64\MSCTF.dll
read 1 symbol from C:\Program Files\DGAgent\plugins\09D849B6-32D3-4A40-85EE-6B84BA29E35B\AE_MailSensor_Plugin.dll
read 6 symbols from C:\Program Files\DGAgent\plugins\09D849B6-32D3-4A40-85EE-6B84BA29E35B\ame_outlooksensor.dll
read 10 symbols from C:\Program Files\DGAgent\plugins\09D849B6-32D3-4A40-85EE-6B84BA29E35B\ame_smtpsensor.dll
read 1 symbol from C:\Program Files\DGAgent\plugins\8E4EA70A-6128-4B57-BD3F-8E9E0F0DA6BB\OS_Plugin.dll
read 150 symbols from C:\Program Files\DGAgent\plugins\8E4EA70A-6128-4B57-BD3F-8E9E0F0DA6BB\COM_Sensor.dll
read 205 symbols from C:\Windows\syswow64\dbghelp.dll
read 8973 symbols from c:\tmpuser\tools\work\_git\atomboxer_windows\bin\ab.exe

system page size:  4096 bytes
default alignment: 8 bytes
overflow size:     0 bytes
overflow byte:     0xAA
allocation byte:   0xFF
free byte:         0x55
allocation stop:   0
reallocation stop: 0
free stop:         0
unfreed abort:     0
small boundary:    32 bytes
medium boundary:   256 bytes
large boundary:    2048 bytes
lower check range: 0
upper check range: 0
check frequency:   1
failure frequency: 0
failure seed:      1423585388
prologue function: <unset>
epilogue function: <unset>
handler function:  <unset>
log file:          mpatrol.log
profiling file:    mpatrol.out
tracing file:      mpatrol.trace
program filename:  c:\tmpuser\tools\work\_git\atomboxer_windows\bin\ab.exe
symbols read:      40400
autosave count:    0
freed queue size:  0
allocation count:  388
allocation peak:   106 (6266043 bytes)
allocation limit:  0 bytes
allocated blocks:  92 (1113273 bytes)
marked blocks:     0 (0 bytes)
freed blocks:      0 (0 bytes)
free blocks:       79 (5768007 bytes)
internal blocks:   61 (3997696 bytes)
total heap usage:  10878976 bytes
total compared:    329 bytes
total located:     0 bytes
total copied:      2006 bytes
total set:         2287915 bytes
total warnings:    0
total errors:      0
